<?xml version="1.0" encoding="UTF-8"?>
<testsuite name="demo.base.BaseDemoTest" tests="1" skipped="0" failures="0" errors="0" timestamp="2022-06-08T09:08:52" hostname="zyweis-MacBook-Pro.local" time="0.007">
  <properties/>
  <testcase name="should_return_hello_world()" classname="demo.base.BaseDemoTest" time="0.007"/>
  <system-out><![CDATA[]]></system-out>
  <system-err><![CDATA[]]></system-err>
</testsuite>
